<?xml version="1.0" encoding="UTF-8" ?>
<testsuite failures="0" time="0.329" errors="0" skipped="0" tests="15" name="org.scajorp.JSONParserTest">
  <properties>
    <property name="java.runtime.name" value="Java(TM) SE Runtime Environment"/>
    <property name="sun.boot.library.path" value="C:\Program Files\Java\jdk1.6.0_04\jre\bin"/>
    <property name="java.vm.version" value="10.0-b19"/>
    <property name="java.vm.vendor" value="Sun Microsystems Inc."/>
    <property name="java.vendor.url" value="http://java.sun.com/"/>
    <property name="path.separator" value=";"/>
    <property name="java.vm.name" value="Java HotSpot(TM) Client VM"/>
    <property name="file.encoding.pkg" value="sun.io"/>
    <property name="user.country" value="GB"/>
    <property name="sun.java.launcher" value="SUN_STANDARD"/>
    <property name="sun.os.patch.level" value="Service Pack 2"/>
    <property name="java.vm.specification.name" value="Java Virtual Machine Specification"/>
    <property name="user.dir" value="D:\Code\scajorp\scajorp-api"/>
    <property name="java.runtime.version" value="1.6.0_04-b12"/>
    <property name="java.awt.graphicsenv" value="sun.awt.Win32GraphicsEnvironment"/>
    <property name="basedir" value="D:\Code\scajorp\scajorp-api"/>
    <property name="java.endorsed.dirs" value="C:\Program Files\Java\jdk1.6.0_04\jre\lib\endorsed"/>
    <property name="os.arch" value="x86"/>
    <property name="java.io.tmpdir" value="C:\DOCUME~1\noname\LOCALS~1\Temp\"/>
    <property name="line.separator" value="
"/>
    <property name="java.vm.specification.vendor" value="Sun Microsystems Inc."/>
    <property name="user.variant" value=""/>
    <property name="os.name" value="Windows XP"/>
    <property name="classworlds.conf" value="c:\Program Files\Maven\bin\\..\bin\m2.conf"/>
    <property name="sun.jnu.encoding" value="Cp1252"/>
    <property name="java.library.path" value="C:\Program Files\Java\jdk1.6.0_04\bin;.;C:\WINDOWS\Sun\Java\bin;C:\WINDOWS\system32;C:\WINDOWS;C:\WINDOWS\system32;C:\WINDOWS;C:\WINDOWS\System32\Wbem;c:\Program Files\Maven\bin;C:\Program Files\MySQL\MySQL Server 5.0\bin;C:\Program Files\Subversion\bin;C:\Program Files\OpenVPN\bin"/>
    <property name="surefire.test.class.path" value="D:\Code\scajorp\scajorp-api\target\test-classes;D:\Code\scajorp\scajorp-api\target\classes;C:\Documents and Settings\noname\.m2\repository\org\scala-lang\scala-library\2.7.0\scala-library-2.7.0.jar;C:\Documents and Settings\noname\.m2\repository\junit\junit\4.4\junit-4.4.jar;C:\Documents and Settings\noname\.m2\repository\org\slf4j\slf4j-api\1.4.2\slf4j-api-1.4.2.jar;C:\Documents and Settings\noname\.m2\repository\org\slf4j\slf4j-log4j12\1.4.2\slf4j-log4j12-1.4.2.jar;C:\Documents and Settings\noname\.m2\repository\log4j\log4j\1.2.13\log4j-1.2.13.jar;"/>
    <property name="java.specification.name" value="Java Platform API Specification"/>
    <property name="java.class.version" value="50.0"/>
    <property name="sun.management.compiler" value="HotSpot Client Compiler"/>
    <property name="os.version" value="5.1"/>
    <property name="user.home" value="C:\Documents and Settings\noname"/>
    <property name="user.timezone" value="Europe/London"/>
    <property name="java.awt.printerjob" value="sun.awt.windows.WPrinterJob"/>
    <property name="java.specification.version" value="1.6"/>
    <property name="file.encoding" value="Cp1252"/>
    <property name="user.name" value="noname"/>
    <property name="java.class.path" value="c:\Program Files\Maven\bin\\..\boot\classworlds-1.1.jar"/>
    <property name="java.vm.specification.version" value="1.0"/>
    <property name="sun.arch.data.model" value="32"/>
    <property name="java.home" value="C:\Program Files\Java\jdk1.6.0_04\jre"/>
    <property name="java.specification.vendor" value="Sun Microsystems Inc."/>
    <property name="user.language" value="en"/>
    <property name="awt.toolkit" value="sun.awt.windows.WToolkit"/>
    <property name="java.vm.info" value="mixed mode, sharing"/>
    <property name="java.version" value="1.6.0_04"/>
    <property name="java.ext.dirs" value="C:\Program Files\Java\jdk1.6.0_04\jre\lib\ext;C:\WINDOWS\Sun\Java\lib\ext"/>
    <property name="sun.boot.class.path" value="C:\Program Files\Java\jdk1.6.0_04\jre\lib\resources.jar;C:\Program Files\Java\jdk1.6.0_04\jre\lib\rt.jar;C:\Program Files\Java\jdk1.6.0_04\jre\lib\sunrsasign.jar;C:\Program Files\Java\jdk1.6.0_04\jre\lib\jsse.jar;C:\Program Files\Java\jdk1.6.0_04\jre\lib\jce.jar;C:\Program Files\Java\jdk1.6.0_04\jre\lib\charsets.jar;C:\Program Files\Java\jdk1.6.0_04\jre\classes"/>
    <property name="java.vendor" value="Sun Microsystems Inc."/>
    <property name="maven.home" value="c:\Program Files\Maven\bin\\.."/>
    <property name="localRepository" value="C:\Documents and Settings\noname\.m2\repository"/>
    <property name="file.separator" value="\"/>
    <property name="java.vendor.url.bug" value="http://java.sun.com/cgi-bin/bugreport.cgi"/>
    <property name="sun.cpu.endian" value="little"/>
    <property name="sun.io.unicode.encoding" value="UnicodeLittle"/>
    <property name="sun.desktop" value="windows"/>
    <property name="sun.cpu.isalist" value=""/>
  </properties>
  <testcase time="0.172" classname="org.scajorp.JSONParserTest" name="assignNestedStringArray"/>
  <testcase time="0.016" classname="org.scajorp.JSONParserTest" name="assignNestedCharArray"/>
  <testcase time="0" classname="org.scajorp.JSONParserTest" name="assignNestedDoubleArray"/>
  <testcase time="0.016" classname="org.scajorp.JSONParserTest" name="assignNestedFloatArray"/>
  <testcase time="0.015" classname="org.scajorp.JSONParserTest" name="assignNestedLongArray"/>
  <testcase time="0.016" classname="org.scajorp.JSONParserTest" name="assignNestedIntArray"/>
  <testcase time="0.015" classname="org.scajorp.JSONParserTest" name="assignNestedShortArray"/>
  <testcase time="0.016" classname="org.scajorp.JSONParserTest" name="assignNestedByteArray"/>
  <testcase time="0" classname="org.scajorp.JSONParserTest" name="assignNestedObject"/>
  <testcase time="0.016" classname="org.scajorp.JSONParserTest" name="assignNonExistingValue"/>
  <testcase time="0" classname="org.scajorp.JSONParserTest" name="assignPrivateValues"/>
  <testcase time="0.015" classname="org.scajorp.JSONParserTest" name="assignStringValue"/>
  <testcase time="0" classname="org.scajorp.JSONParserTest" name="assignIntegerValue"/>
  <testcase time="0.032" classname="org.scajorp.JSONParserTest" name="assignBooleanValue"/>
  <testcase time="0" classname="org.scajorp.JSONParserTest" name="resolveObject"/>
</testsuite>